Service: SyncCentralIndex (SyncCentralIndex 5.9.1.336)
Started: 2024-03-28T10:12:16.9140009-04:00
HostName: secpdmam04


[I] 2024-03-28T10:12:17.0090126-04:00 0001 Register REST controllers ...
[S] 2024-03-28T10:12:17.2120432-04:00 0008 Start application: SyncCentralIndex (SyncCentralIndex 5.9.1.336)
[I] 2024-03-28T10:12:17.2240564-04:00 0008 Starting SyncCentralIndex (SyncCentralIndex 5.9.1.336) ...
[I] 2024-03-28T10:12:17.2240564-04:00 0008 Type: SyncCentralIndex 5.9.1.336
[I] 2024-03-28T10:12:17.2240564-04:00 0008 Name: SyncCentralIndex
[I] 2024-03-28T10:12:17.2250501-04:00 0008 Id: SyncCentralIndex
[I] 2024-03-28T10:12:17.2250501-04:00 0008 HostName: secpdmam04
[I] 2024-03-28T10:12:17.2250501-04:00 0008 Configuration Profile: SyncCentralIndex
[I] 2024-03-28T10:12:17.2250501-04:00 0008 ControlCenter Url: https://secpdmam01:9911/ControlCenter
[I] 2024-03-28T10:12:17.2250501-04:00 0008 ConfigurationService Url: https://secpdmam01:9911/ControlCenter/ConfigurationService
[I] 2024-03-28T10:12:17.2250501-04:00 0008 Process Id: 4532
[I] 2024-03-28T10:12:17.2250501-04:00 0008 Process CommandLine: c:\windows\system32\inetsrv\w3wp.exe -ap "MAM_2200_SyncCentralIndex" -v "v4.0" -l "webengine4.dll" -a \\.\pipe\iisipm3a2fbf1e-1280-4942-a9a7-9a57235b3bd2 -h "C:\inetpub\temp\apppools\MAM_2200_SyncCentralIndex\MAM_2200_SyncCentralIndex.config" -w "" -m 0
[I] 2024-03-28T10:12:17.2250501-04:00 0008 Working Directory: c:\windows\system32\inetsrv
[I] 2024-03-28T10:12:17.2250501-04:00 0008 Application Domain: 2
[I] 2024-03-28T10:12:17.2250501-04:00 0008 Account Name: NYDPS\SVC_MAMWS_A
[S] 2024-03-28T10:12:17.2260500-04:00 0008 Wait for startup dependencies...
[S] 2024-03-28T10:12:17.2270487-04:00 0008 Check dependencies ...
[I] 2024-03-28T10:12:17.2300486-04:00 0008 Check Callback dependency [Check ControlCenter]
[I] 2024-03-28T10:12:27.7937265-04:00 0008 Check Callback dependency [Check ControlCenter]: Succeeded
[S] 2024-03-28T10:12:27.7947207-04:00 0008 Dependency check succeeded
[I] 2024-03-28T10:12:27.7967238-04:00 0008 Try to connect to ControlCenter: https://secpdmam01:9911/ControlCenter
[I] 2024-03-28T10:12:27.8177325-04:00 0008 Connected to ControlCenter 1.9.1.183: https://secpdmam01:9911/ControlCenter
	System Id=C36F8361034241E891AD8691A8D537FE
	System Name=Interplay | MAM
	System Version=5.9
[I] 2024-03-28T10:12:27.8587337-04:00 0008 Required license features:

[I] 2024-03-28T10:12:27.8747292-04:00 0008 Current licenses:
                                           	ENT_AM_DIRECTOR-1.0: NoLicense
                                           	ENT_AM_MAM-1.0: Full
                                           	ENT_AM_OPT_BLACKPEARL-1.0: Full
                                           	ENT_AM_OPT_CLOSEDCAPTION-1.0: Full
                                           	ENT_AM_OPT_CORE-1.0: Full
                                           	ENT_AM_OPT_DESKTOP-1.0: Full
                                           	ENT_AM_OPT_DIVA-1.0: Full
                                           	ENT_AM_OPT_FLASHNET-1.0: Full
                                           	ENT_AM_OPT_FOUNDATION-1.0: Full
                                           	ENT_AM_OPT_MCUX-1.0: Full
                                           	ENT_AM_OPT_MEDIAREWRAP-1.0: Full
                                           	ENT_AM_OPT_ORCHESTRATION-1.0: Full
                                           	ENT_AM_OPT_PRODUCTION-1.0: Full
                                           	ENT_AM_OPT_STORNEXT-1.0: Full
                                           	ENT_AM_OPT_TAPEARCHIVE-1.0: Full
                                           	ENT_AM_OPT_VANTAGE-1.0: Full
                                           	ENT_AM_OPT_VIDEOANALYSIS-1.0: Full
                                           
[I] 2024-03-28T10:12:27.8929903-04:00 0008 Configuration: 
                                           Profile [Global]:
                                           	/Bus/DefaultRealm=C36F8361034241E891AD8691A8D537FE
                                           	/Bus/GatewayPort=9900
                                           	/Bus/HostNames=secpdmammc01.inbcu.com
                                           	/Bus/InitialConnectionAttempts=10
                                           	/Bus/ReconnectionAttempts=-1
                                           	/EDL/AudioFramerate=100
                                           	/EDL/DisableMixedFramerates=false
                                           	/Localization/Culture=en
                                           	/MediaCentral/Password=Avid123
                                           	/MediaCentral/UserName=Administrator
                                           	/SystemInfo/SystemId=C36F8361034241E891AD8691A8D537FE
                                           	/SystemInfo/SystemName=Interplay | MAM
                                           	/SystemInfo/SystemVersion=5.9
                                           	/DB/Jobs/ConnectString=Data Source=SECPDMAMSQL01\P0354ES01;Initial Catalog=Mam_Jobs;Integrated Security=True
                                           	/DB/Reports/ConnectString=Data Source=SECPDMAMSQL01\P0354ES01;Initial Catalog=Mam_Reports;Integrated Security=True
                                           	/DB/System/ConnectString=Data Source=SECPDMAMSQL01\P0354ES01;Initial Catalog=Mam_System;Integrated Security=True
                                           	/Orchestration/Group/inews=
                                           	/Orchestration/Group/interplay=
                                           	/Orchestration/Group/interplay-mam=
                                           	/Security/FileEncryption/804/Enable=true
                                           	/Security/FileEncryption/804/EncryptionKey=C7D799CA6A9E5B2E311487A489FEA7C2
                                           	/Security/FileEncryption/804/ExpiringTimeSpanMin=5
                                           	/Security/FileEncryption/890/Enable=true
                                           	/Security/FileEncryption/890/EncryptionKey=C7D799CA6A9E5B2E311487A489FEA7C2
                                           	/Security/FileEncryption/890/ExpiringTimeSpanMin=5
                                           
                                           Profile [SyncCentralIndex]:
                                           	/DB/ConnectString=Data Source=SECPDMAMSQL01\P0354ES01;Initial Catalog=Mam_System;Integrated Security=True
                                           	/ServiceAccount/Password=756e5d47-7ec1-4896-80b2-393ff737f3f4
                                           	/ServiceAccount/User=Service-SyncCentralIndex
                                           	/Settings/BatchSize=500
                                           	/Settings/BulkErrorLimit=5
                                           	/Settings/BulkSyncTimeout=6000
                                           	/Settings/BusCallsTimeout=300
                                           	/Settings/BusRetryLimit=1
                                           	/Settings/DefaultLegallistTenant=default
                                           	/Settings/DefaultThesaurusTenant=default
                                           	/Settings/DeleteByQueryTimeLag=-900
                                           	/Settings/DetailsLength=2000
                                           	/Settings/EnableCBAAssignmentsPropagationOnStart=true
                                           	/Settings/EnableDataPropagation=true
                                           	/Settings/EnableMessagingDiagnostics=false
                                           	/Settings/EnableMultiTenancy=false
                                           	/Settings/EnableServicesStatus=true
                                           	/Settings/EntryErrorLimit=10
                                           	/Settings/FallbackTenant=default
                                           	/Settings/MonitorHistoryLength=300
                                           	/Settings/PermissionServiceStatusTimeOut=120
                                           	/Settings/SendLegalListsOnStartup=true
                                           	/Settings/SendThesauriOnStartup=true
                                           	/Settings/SyncBatchEntriesLimit=100
                                           	/Settings/SyncBatchSizeLimit=10000
                                           	/Settings/SyncInterval=1
                                           	/Settings/SyncObjectsTimeOut=6000
                                           	/Settings/SystemHistoryCleanupPeriodInDays=7
                                           	/Settings/TermsLimit=3000
                                           	/Settings/ThesaurusSyncTimeout=600
                                           	/Settings/TimeMeasurement=false
                                           	/Settings/TrafficHistoryCleanupPeriodInDays=7
                                           	/Settings/TrafficHistoryLength=300
                                           	/Settings/WatermarkLevel1=5000
                                           	/Settings/WatermarkLevel2=50000
                                           	/Cache/Registry/Expiration=300
                                           	/Cache/UserSession/Expiration=30
                                           	/Logging/File/Enabled=True
                                           	/Logging/File/FileRotateHours=24
                                           	/Logging/File/FileRotateSize=10485760
                                           	/Logging/File/Level=Info
                                           	/Logging/Performance/DefaultThreshold=00:00:10.000
                                           	/Logging/Performance/Enabled=true
                                           	/Logging/Requests/Enabled=false
                                           	/Logging/Requests/LogContent=false
                                           	/Logging/Requests/LogHeader=true
                                           	/MACommon/Config/Cache/Enabled=true
                                           	/MACommon/Config/Cache/Refresh=true
                                           	/MACommon/Config/Cache/RefreshInterval=180
                                           	/Network/Soap/ClientTimeout=00:01:40
                                           
                                           
[I] 2024-03-28T10:12:27.9009908-04:00 0008 Waiting to database connection...
[I] 2024-03-28T10:12:28.1680384-04:00 0008 Service startup...
[I] 2024-03-28T10:12:28.1700502-04:00 0008 Waiting for objects...
[S] 2024-03-28T10:12:28.1700502-04:00 0008 Application state changed: Running
[I] 2024-03-28T10:12:28.1870358-04:00 0008 log4net repositories: log4net-default-repository loggers=[MAMControlCenterClient,ApiController], appenders=[MACommonAppender]
[I] 2024-03-28T10:12:28.2090425-04:00 0016 Schema synchronization
[I] 2024-03-28T10:12:30.0503549-04:00 0032 Instance of BusAccessManager created
[I] 2024-03-28T10:12:30.0513540-04:00 0032 No available connection to the Bus. New connection will be created.
[I] 2024-03-28T10:12:30.0563535-04:00 0032 Retrieving connection settings...
[I] 2024-03-28T10:12:30.0583543-04:00 0032 Configuration setting Bus/HostNames in profile SyncCentralIndex: 
[I] 2024-03-28T10:12:30.0583543-04:00 0032 Configuration setting Bus/HostNames in profile Global: secpdmammc01.inbcu.com
[I] 2024-03-28T10:12:30.0583543-04:00 0032 Configured hostnames:secpdmammc01.inbcu.com
[I] 2024-03-28T10:12:30.0753565-04:00 0032 Configuration setting Bus/GatewayPort in profile Global: 9900
[I] 2024-03-28T10:12:30.0753565-04:00 0032 Using Configuration Setting Bus/GatewayPort with value: 9900
[I] 2024-03-28T10:12:30.0753565-04:00 0032 Configuration setting Bus/InitialConnectionAttempts in profile Global: 10
[I] 2024-03-28T10:12:30.0753565-04:00 0032 Using Configuration Setting Bus/InitialConnectionAttempts with value: 10
[I] 2024-03-28T10:12:30.0763582-04:00 0032 Configuration setting Bus/ReconnectionAttempts in profile Global: -1
[I] 2024-03-28T10:12:30.0763582-04:00 0032 Using Configuration Setting Bus/ReconnectionAttempts with value: -1
[I] 2024-03-28T10:12:30.0763582-04:00 0032 Connection settings were retrieved.
[I] 2024-03-28T10:12:30.0763582-04:00 0032 Initializing connection to the Bus...
[I] 2024-03-28T10:12:30.1223651-04:00 0016 Index status checking...
[I] 2024-03-28T10:12:30.1843755-04:00 0032 [Avid.Platform.Bus.AccessInfo] BAL build is 2.9.6-build-0011-g8b471ba 
[I] 2024-03-28T10:12:30.1893754-04:00 0032 [Avid.Platform.Bus.Core.Gateway.Protobuf.ProtobufGateway] Connecting to 'wss://secpdmammc01.inbcu.com:9900/ws'
[I] 2024-03-28T10:12:30.1893754-04:00 0032 [Avid.Platform.Bus.Core.Gateway.Protobuf.ProtobufGateway] Trust self-signed certificates.
[I] 2024-03-28T10:12:30.3074001-04:00 0033 [Avid.Platform.Bus.Core.Gateway.Protobuf.ProtobufGateway] Gateway property 'sgFeatureUnsubscribeFromBindings': 'true'
[I] 2024-03-28T10:12:30.3074001-04:00 0033 [Avid.Platform.Bus.Core.Gateway.Protobuf.ProtobufGateway] Gateway property 'connectorApiHealthCheckSupported': 'true'
[I] 2024-03-28T10:12:30.3074001-04:00 0033 [Avid.Platform.Bus.Core.Gateway.Protobuf.ProtobufGateway] Gateway property 'gatewayRpmVersion': '3.11.0_32_g38a18f4-1.x86_64'
[I] 2024-03-28T10:12:30.3074001-04:00 0033 [Avid.Platform.Bus.Core.Gateway.Protobuf.ProtobufGateway] Gateway property 'proxy.bal.version': '.net 2.9.6.0'
[I] 2024-03-28T10:12:30.3074001-04:00 0033 [Avid.Platform.Bus.Core.Gateway.Protobuf.ProtobufGateway] Gateway property 'service.access.object': '{  "id": "bd34c958-ff0f-4d44-a866-cf966f01fe5e",  "bal": ".net 2.9.6.0",  "host": "secpdmam04",  "pid": 4532,  "buildNumber": "unknown",  "platformId": "unknown",  "environmentId": "unknown"}'
[I] 2024-03-28T10:12:30.3084011-04:00 0033 [Avid.Platform.Bus.Core.Gateway.Protobuf.ProtobufGateway] Gateway property 'queryTimeoutByApi': 'true'
[I] 2024-03-28T10:12:30.3084011-04:00 0033 [Avid.Platform.Bus.Core.Gateway.Protobuf.ProtobufGateway] Gateway property 'gatewayJarVersion': 'java 3.11.0_32_g38a18f4-SNAPSHOT'
[I] 2024-03-28T10:12:30.3084011-04:00 0033 [Avid.Platform.Bus.Core.Gateway.Protobuf.ProtobufGateway] Gateway property 'websocketPingSupported': 'true'
[I] 2024-03-28T10:12:30.3084011-04:00 0033 [Avid.Platform.Bus.Core.Gateway.Protobuf.ProtobufGateway] Gateway property 'sgFeatureCommandPatternSupport': 'true'
[S] 2024-03-28T10:12:30.3084011-04:00 0032 Connection to the Bus 'secpdmammc01.inbcu.com' successfully created.
[I] 2024-03-28T10:12:30.3094036-04:00 0017 [Avid.Platform.Bus.Core.Gateway.Protobuf.ProtobufGateway] Sent request with transaction Id [] to: com.avid.search.import:global:1:getIndexStatus
[I] 2024-03-28T10:12:30.3264046-04:00 0028 [Avid.Platform.Bus.Core.Gateway.Protobuf.ProtobufGateway] Sent request with transaction Id [] to: com.avid.search:global:0:getSupportedLanguages
[I] 2024-03-28T10:12:30.3404031-04:00 0010 [Avid.Platform.Bus.Core.Gateway.Protobuf.ProtobufGateway] Received response with transaction Id [9f2f9661-b4ac-4f0d-9902-df2ab7404982] to: com.avid.search:global:0:getSupportedLanguages
[I] 2024-03-28T10:15:30.6845351-04:00 0035 [Avid.Platform.Bus.Core.Gateway.Protobuf.ProtobufGateway] Received channel message from: avid.acs.media.index.permissions:global:0 with transaction Id [3eb2e3c7-553b-41d1-9e9c-2372182b2a0b] to: avid.acs.media.index.permission.notifications:MediaIndexPermissionsChanged
[I] 2024-03-28T10:15:30.6845351-04:00 0037 [Avid.Platform.Bus.Core.Gateway.Protobuf.ProtobufGateway] Received channel message from: avid.acs.media.index.permissions:global:0 with transaction Id [153a211c-29ec-4c8c-b9df-182914125286] to: avid.acs.media.index.permission.notifications:MediaIndexPermissionsChanged
[I] 2024-03-28T10:15:30.6845351-04:00 0027 [Avid.Platform.Bus.Core.Gateway.Protobuf.ProtobufGateway] Received channel message from: avid.acs.media.index.permissions:global:0 with transaction Id [6ab8028b-73dc-42e3-bc05-d2619e70e0e9] to: avid.acs.media.index.permission.notifications:MediaIndexPermissionsChanged
[I] 2024-03-28T10:15:30.6855338-04:00 0029 [Avid.Platform.Bus.Core.Gateway.Protobuf.ProtobufGateway] Received channel message from: avid.acs.media.index.permissions:global:0 with transaction Id [4f87d8b1-fe9a-45a5-ac0a-eb1cc2ab36f6] to: avid.acs.media.index.permission.notifications:MediaIndexPermissionsChanged
[I] 2024-03-28T10:15:30.6965419-04:00 0019 [Avid.Platform.Bus.Core.Gateway.Protobuf.ProtobufGateway] Received channel message from: avid.acs.media.index.permissions:global:0 with transaction Id [3a73e18f-1c88-4880-8e1c-a63bb5047247] to: avid.acs.media.index.permission.notifications:MediaIndexPermissionsChanged
[I] 2024-03-28T10:15:30.7171937-04:00 0039 [Avid.Platform.Bus.Core.Gateway.Protobuf.ProtobufGateway] Received channel message from: avid.acs.media.index.permissions:global:0 with transaction Id [3d4512ee-ddff-4786-bec6-b2287a06b27a] to: avid.acs.media.index.permission.notifications:MediaIndexPermissionsChanged
[I] 2024-03-28T10:16:33.8320039-04:00 0015 [Avid.Platform.Bus.Core.Gateway.Protobuf.ProtobufGateway] Received channel message from: avid.acs.media.index.permissions:global:0 with transaction Id [3d747cd6-0587-4eff-b468-bc66cc1dd9ed] to: avid.acs.media.index.permission.notifications:MediaIndexPermissionsChanged
[I] 2024-03-28T10:16:33.8349993-04:00 0034 [Avid.Platform.Bus.Core.Gateway.Protobuf.ProtobufGateway] Received channel message from: avid.acs.media.index.permissions:global:0 with transaction Id [4ab97289-98c3-44fe-9d54-b1350ea7ff88] to: avid.acs.media.index.permission.notifications:MediaIndexPermissionsChanged
[I] 2024-03-28T10:16:33.8359991-04:00 0030 [Avid.Platform.Bus.Core.Gateway.Protobuf.ProtobufGateway] Received channel message from: avid.acs.media.index.permissions:global:0 with transaction Id [02bc9b9c-ec2e-4cde-9172-41dafd38705f] to: avid.acs.media.index.permission.notifications:MediaIndexPermissionsChanged
[I] 2024-03-28T10:16:33.8379992-04:00 0020 [Avid.Platform.Bus.Core.Gateway.Protobuf.ProtobufGateway] Received channel message from: avid.acs.media.index.permissions:global:0 with transaction Id [fa328361-991d-4a1e-82dd-de90fe88a6f7] to: avid.acs.media.index.permission.notifications:MediaIndexPermissionsChanged
[I] 2024-03-28T10:16:33.8390021-04:00 0033 [Avid.Platform.Bus.Core.Gateway.Protobuf.ProtobufGateway] Received channel message from: avid.acs.media.index.permissions:global:0 with transaction Id [c51fa327-d66c-40ee-b566-11d5e89fcd3a] to: avid.acs.media.index.permission.notifications:MediaIndexPermissionsChanged
[I] 2024-03-28T10:16:33.8440017-04:00 0022 [Avid.Platform.Bus.Core.Gateway.Protobuf.ProtobufGateway] Received channel message from: avid.acs.media.index.permissions:global:0 with transaction Id [e5994fca-abd8-44b9-bb5d-5e84ec38ab60] to: avid.acs.media.index.permission.notifications:MediaIndexPermissionsChanged
[I] 2024-03-28T10:16:33.9840734-04:00 0041 [Avid.Platform.Bus.Core.Gateway.Protobuf.ProtobufGateway] Received channel message from: avid.acs.media.index.permissions:global:0 with transaction Id [6a8e85b2-e323-4797-94bb-c28dbb0cad09] to: avid.acs.media.index.permission.notifications:MediaIndexPermissionsChanged
[I] 2024-03-28T10:16:33.9879411-04:00 0039 [Avid.Platform.Bus.Core.Gateway.Protobuf.ProtobufGateway] Received channel message from: avid.acs.media.index.permissions:global:0 with transaction Id [5d473b59-4900-423a-9453-7cddc6da6bb8] to: avid.acs.media.index.permission.notifications:MediaIndexPermissionsChanged
[I] 2024-03-28T10:16:33.9927253-04:00 0036 [Avid.Platform.Bus.Core.Gateway.Protobuf.ProtobufGateway] Received channel message from: avid.acs.media.index.permissions:global:0 with transaction Id [fdb443bf-afb3-4b9a-8326-6f7a8b300acb] to: avid.acs.media.index.permission.notifications:MediaIndexPermissionsChanged
[I] 2024-03-28T10:16:34.0017299-04:00 0009 [Avid.Platform.Bus.Core.Gateway.Protobuf.ProtobufGateway] Received channel message from: avid.acs.media.index.permissions:global:0 with transaction Id [85ab4242-4786-4a3a-8f4e-cfecc3994c87] to: avid.acs.media.index.permission.notifications:MediaIndexPermissionsChanged
[I] 2024-03-28T10:16:34.0037330-04:00 0019 [Avid.Platform.Bus.Core.Gateway.Protobuf.ProtobufGateway] Received channel message from: avid.acs.media.index.permissions:global:0 with transaction Id [0ee6bca9-7ab9-477d-980c-7b277719ad19] to: avid.acs.media.index.permission.notifications:MediaIndexPermissionsChanged
[I] 2024-03-28T10:16:34.0077256-04:00 0027 [Avid.Platform.Bus.Core.Gateway.Protobuf.ProtobufGateway] Received channel message from: avid.acs.media.index.permissions:global:0 with transaction Id [0d9137b5-4348-4c75-8233-98ad0a9c8312] to: avid.acs.media.index.permission.notifications:MediaIndexPermissionsChanged
[I] 2024-03-28T10:16:34.0541663-04:00 0043 [Avid.Platform.Bus.Core.Gateway.Protobuf.ProtobufGateway] Received channel message from: avid.acs.media.index.permissions:global:0 with transaction Id [719330d6-321f-464f-893a-10424adf54e0] to: avid.acs.media.index.permission.notifications:MediaIndexPermissionsChanged
[I] 2024-03-28T10:16:34.0561675-04:00 0025 [Avid.Platform.Bus.Core.Gateway.Protobuf.ProtobufGateway] Received channel message from: avid.acs.media.index.permissions:global:0 with transaction Id [3fa0b4a2-7ee8-46f7-b39d-5a049374ddf3] to: avid.acs.media.index.permission.notifications:MediaIndexPermissionsChanged
[I] 2024-03-28T10:16:34.0561675-04:00 0023 [Avid.Platform.Bus.Core.Gateway.Protobuf.ProtobufGateway] Received channel message from: avid.acs.media.index.permissions:global:0 with transaction Id [f3d23288-6bc7-4430-b6ca-57d54d45844f] to: avid.acs.media.index.permission.notifications:MediaIndexPermissionsChanged
[I] 2024-03-28T10:16:34.0921729-04:00 0032 [Avid.Platform.Bus.Core.Gateway.Protobuf.ProtobufGateway] Received channel message from: avid.acs.media.index.permissions:global:0 with transaction Id [150138b0-3599-46e4-a2c4-5b0009429d8a] to: avid.acs.media.index.permission.notifications:MediaIndexPermissionsChanged
[I] 2024-03-28T10:16:34.0931735-04:00 0037 [Avid.Platform.Bus.Core.Gateway.Protobuf.ProtobufGateway] Received channel message from: avid.acs.media.index.permissions:global:0 with transaction Id [c640deb9-acd1-42c0-82b7-43c5770fdd77] to: avid.acs.media.index.permission.notifications:MediaIndexPermissionsChanged
[I] 2024-03-28T10:16:34.1051773-04:00 0017 [Avid.Platform.Bus.Core.Gateway.Protobuf.ProtobufGateway] Received channel message from: avid.acs.media.index.permissions:global:0 with transaction Id [20630575-c3b4-47b7-a559-77f5cd09b4cc] to: avid.acs.media.index.permission.notifications:MediaIndexPermissionsChanged
[I] 2024-03-28T10:16:34.1741873-04:00 0024 [Avid.Platform.Bus.Core.Gateway.Protobuf.ProtobufGateway] Received channel message from: avid.acs.media.index.permissions:global:0 with transaction Id [869c0479-93b7-472d-9658-b57e7942a23a] to: avid.acs.media.index.permission.notifications:MediaIndexPermissionsChanged
[I] 2024-03-28T10:16:34.1881923-04:00 0018 [Avid.Platform.Bus.Core.Gateway.Protobuf.ProtobufGateway] Received channel message from: avid.acs.media.index.permissions:global:0 with transaction Id [015d3b0a-8bdc-4ab1-a5cf-a142dca2bef7] to: avid.acs.media.index.permission.notifications:MediaIndexPermissionsChanged
[I] 2024-03-28T10:16:34.2291957-04:00 0031 [Avid.Platform.Bus.Core.Gateway.Protobuf.ProtobufGateway] Received channel message from: avid.acs.media.index.permissions:global:0 with transaction Id [cb67d87b-331b-4687-a999-e3593a6fc00a] to: avid.acs.media.index.permission.notifications:MediaIndexPermissionsChanged
[I] 2024-03-28T10:16:34.2301971-04:00 0042 [Avid.Platform.Bus.Core.Gateway.Protobuf.ProtobufGateway] Received channel message from: avid.acs.media.index.permissions:global:0 with transaction Id [8f07d230-45ce-4fbd-acd8-ac7c2988886a] to: avid.acs.media.index.permission.notifications:MediaIndexPermissionsChanged
[I] 2024-03-28T10:16:34.2321968-04:00 0028 [Avid.Platform.Bus.Core.Gateway.Protobuf.ProtobufGateway] Received channel message from: avid.acs.media.index.permissions:global:0 with transaction Id [dcc84eae-2e7e-4e1f-bee1-5fc67ab275f4] to: avid.acs.media.index.permission.notifications:MediaIndexPermissionsChanged
[I] 2024-03-28T10:16:34.2321968-04:00 0044 [Avid.Platform.Bus.Core.Gateway.Protobuf.ProtobufGateway] Received channel message from: avid.acs.media.index.permissions:global:0 with transaction Id [41801a15-6548-468d-9965-b245adb70b26] to: avid.acs.media.index.permission.notifications:MediaIndexPermissionsChanged
[I] 2024-03-28T10:16:34.2401970-04:00 0038 [Avid.Platform.Bus.Core.Gateway.Protobuf.ProtobufGateway] Received channel message from: avid.acs.media.index.permissions:global:0 with transaction Id [05851dbd-4d76-483c-9090-f2093bbd0e1d] to: avid.acs.media.index.permission.notifications:MediaIndexPermissionsChanged
[I] 2024-03-28T10:16:34.2411923-04:00 0010 [Avid.Platform.Bus.Core.Gateway.Protobuf.ProtobufGateway] Received channel message from: avid.acs.media.index.permissions:global:0 with transaction Id [d5d26492-6a65-4f74-868a-c75574720d95] to: avid.acs.media.index.permission.notifications:MediaIndexPermissionsChanged
[I] 2024-03-28T10:16:34.2522012-04:00 0021 [Avid.Platform.Bus.Core.Gateway.Protobuf.ProtobufGateway] Received channel message from: avid.acs.media.index.permissions:global:0 with transaction Id [59fb4163-bfd8-4a66-8de8-6f782807f3d2] to: avid.acs.media.index.permission.notifications:MediaIndexPermissionsChanged
[I] 2024-03-28T10:16:34.2551981-04:00 0043 [Avid.Platform.Bus.Core.Gateway.Protobuf.ProtobufGateway] Received channel message from: avid.acs.media.index.permissions:global:0 with transaction Id [91c0123c-7d8d-47d6-81e1-3a2ce51dcf89] to: avid.acs.media.index.permission.notifications:MediaIndexPermissionsChanged
[I] 2024-03-28T10:16:34.2561987-04:00 0034 [Avid.Platform.Bus.Core.Gateway.Protobuf.ProtobufGateway] Received channel message from: avid.acs.media.index.permissions:global:0 with transaction Id [626650d0-5893-4850-8ae5-57bc97940a75] to: avid.acs.media.index.permission.notifications:MediaIndexPermissionsChanged
[I] 2024-03-28T10:16:34.2672027-04:00 0023 [Avid.Platform.Bus.Core.Gateway.Protobuf.ProtobufGateway] Received channel message from: avid.acs.media.index.permissions:global:0 with transaction Id [118b21a4-0da3-4bd4-99ec-21feae044147] to: avid.acs.media.index.permission.notifications:MediaIndexPermissionsChanged
[I] 2024-03-28T10:16:34.3355528-04:00 0020 [Avid.Platform.Bus.Core.Gateway.Protobuf.ProtobufGateway] Received channel message from: avid.acs.media.index.permissions:global:0 with transaction Id [4bf56940-00fb-4052-8bec-431d1dc76826] to: avid.acs.media.index.permission.notifications:MediaIndexPermissionsChanged
[I] 2024-03-28T10:16:34.3395510-04:00 0037 [Avid.Platform.Bus.Core.Gateway.Protobuf.ProtobufGateway] Received channel message from: avid.acs.media.index.permissions:global:0 with transaction Id [ffdaa6b3-8485-47bd-bfd3-0afb9fa2fe0c] to: avid.acs.media.index.permission.notifications:MediaIndexPermissionsChanged
[I] 2024-03-28T10:16:34.3395510-04:00 0017 [Avid.Platform.Bus.Core.Gateway.Protobuf.ProtobufGateway] Received channel message from: avid.acs.media.index.permissions:global:0 with transaction Id [e4f22376-90d4-43fa-8200-02eac0cc5106] to: avid.acs.media.index.permission.notifications:MediaIndexPermissionsChanged
[I] 2024-03-28T10:16:34.3485518-04:00 0024 [Avid.Platform.Bus.Core.Gateway.Protobuf.ProtobufGateway] Received channel message from: avid.acs.media.index.permissions:global:0 with transaction Id [d4ac8cb8-486f-40d0-9025-3291dc1c5840] to: avid.acs.media.index.permission.notifications:MediaIndexPermissionsChanged
[I] 2024-03-28T10:16:34.3552146-04:00 0018 [Avid.Platform.Bus.Core.Gateway.Protobuf.ProtobufGateway] Received channel message from: avid.acs.media.index.permissions:global:0 with transaction Id [05cfd151-dd6f-4d03-bf36-be4331b57589] to: avid.acs.media.index.permission.notifications:MediaIndexPermissionsChanged
[I] 2024-03-28T10:16:34.3637640-04:00 0040 [Avid.Platform.Bus.Core.Gateway.Protobuf.ProtobufGateway] Received channel message from: avid.acs.media.index.permissions:global:0 with transaction Id [a91bf192-9d9d-48db-8844-7d62def845f0] to: avid.acs.media.index.permission.notifications:MediaIndexPermissionsChanged
[W] 2024-03-28T10:17:30.3646204-04:00 0016 Cannot obtain index status from CI due to getIndexStatus method of com.avid.search.import service fails with the timeout.
                                           Request message:
                                           {
                                             "serviceType": "com.avid.search.import",
                                             "serviceRealm": "global",
                                             "serviceVersion": 1,
                                             "op": "getIndexStatus",
                                             "paramSet": {
                                               "systemID": [
                                                 "C36F8361034241E891AD8691A8D537FE"
                                               ]
                                             }
                                           }
                                           Retry will be performed in 20 seconds
[I] 2024-03-28T10:17:50.3677005-04:00 0021 [Avid.Platform.Bus.Core.Gateway.Protobuf.ProtobufGateway] Sent request with transaction Id [] to: com.avid.search.import:global:1:getIndexStatus
[I] 2024-03-28T10:17:50.3857002-04:00 0033 [Avid.Platform.Bus.Core.Gateway.Protobuf.ProtobufGateway] Received response with transaction Id [84eceb0e-9890-43b1-9756-b5bd81432cf8] to: com.avid.search.import:global:1:getIndexStatus
[I] 2024-03-28T10:17:50.6397850-04:00 0016 Schema synchronization started.
[I] 2024-03-28T10:17:50.6427853-04:00 0031 [Avid.Platform.Bus.Core.Gateway.Protobuf.ProtobufGateway] Sent request with transaction Id [] to: com.avid.search.import:global:1:init
[I] 2024-03-28T10:17:51.9972301-04:00 0032 [Avid.Platform.Bus.Core.Gateway.Protobuf.ProtobufGateway] Received channel message from: com.avid.search.import:global:1 with transaction Id [935a4a16-777b-4b31-8677-df8ed81ac77a] to: com.avid.search.import.reindex.process.channel:reindex_processing
[I] 2024-03-28T10:17:52.0042320-04:00 0019 [Avid.Platform.Bus.Core.Gateway.Protobuf.ProtobufGateway] Received response with transaction Id [a7a54bc5-2898-431c-a6d4-506a80173d18] to: com.avid.search.import:global:1:init
[I] 2024-03-28T10:17:52.0082287-04:00 0032 Re-index is complete.
[I] 2024-03-28T10:17:52.0122300-04:00 0016 Schema synchronization finished.
[I] 2024-03-28T10:17:52.0152341-04:00 0016 Waiting for permissions service status...
[S] 2024-03-28T10:18:55.2745921-04:00 0044 Stop application
[I] 2024-03-28T10:18:55.2765823-04:00 0044 HttpRuntime Shutdown:
                                           ShutDownReason=HostingEnvironment
                                           
                                           _shutDownMessage=HostingEnvironment initiated shutdown
                                           HostingEnvironment caused shutdown
                                           
                                           _shutDownStack=   at System.Environment.GetStackTrace(Exception e, Boolean needFileInfo)
                                              at System.Environment.get_StackTrace()
                                              at System.Web.Hosting.HostingEnvironment.InitiateShutdownInternal()
                                              at System.Web.Hosting.HostingEnvironment.InitiateShutdownWithoutDemand()
                                              at System.Web.Hosting.PipelineRuntime.StopProcessing()
[E] 2024-03-28T10:18:55.2795875-04:00 0016 Failed to sync schema. Exception: System.OperationCanceledException: The operation was canceled.
                                              at System.Threading.CancellationToken.ThrowOperationCanceledException()
                                              at System.Threading.ManualResetEventSlim.Wait(Int32 millisecondsTimeout, CancellationToken cancellationToken)
                                              at com.avid.SyncCentralIndex.ModelManager.DataModelManager.WaitForPermissionServiceNotification() in D:\jenkins\workspace\MAMCore5.9\interplay_mam\Core\Source\SyncCentralIndex\SyncCentralIndex\ModelManager\DataModelManager.cs:line 161
                                              at com.avid.SyncCentralIndex.ModelManager.DataModelManager.MapSchemaAndCbaRules(Boolean reindex) in D:\jenkins\workspace\MAMCore5.9\interplay_mam\Core\Source\SyncCentralIndex\SyncCentralIndex\ModelManager\DataModelManager.cs:line 121
                                              at com.avid.SyncCentralIndex.ModelManager.DataModelManager.SyncDataSchema(Boolean reindex) in D:\jenkins\workspace\MAMCore5.9\interplay_mam\Core\Source\SyncCentralIndex\SyncCentralIndex\ModelManager\DataModelManager.cs:line 112
                                              at com.avid.SyncCentralIndex.SyncController.SyncDataSchema() in D:\jenkins\workspace\MAMCore5.9\interplay_mam\Core\Source\SyncCentralIndex\SyncCentralIndex\SyncController.cs:line 241
[I] 2024-03-28T10:18:55.2805949-04:00 0016 Sync data schema canceled
[I] 2024-03-28T10:18:55.2815894-04:00 0044 Shutting down Bus Access...
[S] 2024-03-28T10:18:55.2815894-04:00 0044 Connection to Bus successfully closed.
[S] 2024-03-28T10:18:55.2825855-04:00 0044 Application state changed: Stopped
[W] 2024-03-28T10:18:55.2835864-04:00 0034 [Avid.Platform.Bus.Core.IPC.IpcException] BusAccessException occcurred, Socket closed
